#
# There is insufficient memory for the Java Runtime Environment to continue.
# Native memory allocation (malloc) failed to allocate 67696 bytes for Chunk::new
# Possible reasons:
#   The system is out of physical RAM or swap space
#   The process is running with CompressedOops enabled, and the Java Heap may be blocking the growth of the native heap
# Possible solutions:
#   Reduce memory load on the system
#   Increase physical memory or swap space
#   Check if swap backing store is full
#   Decrease Java heap size (-Xmx/-Xms)
#   Decrease number of Java threads
#   Decrease Java thread stack sizes (-Xss)
#   Set larger code cache with -XX:ReservedCodeCacheSize=
#   JVM is running with Unscaled Compressed Oops mode in which the Java heap is
#     placed in the first 4GB address space. The Java Heap base address is the
#     maximum limit for the native heap growth. Please use -XX:HeapBaseMinAddress
#     to set the Java Heap base and to place the Java Heap above 4GB virtual address.
# This output file may be truncated or incomplete.
#
#  Out of Memory Error (arena.cpp:189), pid=8988, tid=13600
#
# JRE version: OpenJDK Runtime Environment JBR-17.0.6+1-653.34-jcef (17.0.6+1) (build 17.0.6+1-b653.34)
# Java VM: OpenJDK 64-Bit Server VM JBR-17.0.6+1-653.34-jcef (17.0.6+1-b653.34, mixed mode, tiered, compressed oops, compressed class ptrs, g1 gc, windows-amd64)
# No core dump will be written. Minidumps are not enabled by default on client versions of Windows
#

---------------  S U M M A R Y ------------

Command Line: git4idea.http.GitAskPassApp Password for 'https://10431Fahim@github.com': 

Host: Intel(R) Core(TM) i5-10400 CPU @ 2.90GHz, 12 cores, 7G,  Windows 11 , 64 bit Build 22621 (10.0.22621.2428)
Time: Sat Oct 14 16:40:33 2023 Bangladesh Standard Time elapsed time: 0.152455 seconds (0d 0h 0m 0s)

---------------  T H R E A D  ---------------

Current thread (0x00000190a3c4d3d0):  JavaThread "C2 CompilerThread0" daemon [_thread_in_native, id=13600, stack(0x0000002cd1b00000,0x0000002cd1c00000)]


Current CompileTask:
C2:    152  157       4       java.util.zip.ZipFile$Source::initCEN (591 bytes)

Stack: [0x0000002cd1b00000,0x0000002cd1c00000]
Native frames: (J=compiled Java code, j=interpreted, Vv=VM code, C=native code)
V  [jvm.dll+0x683b4a]
V  [jvm.dll+0x842654]
V  [jvm.dll+0x843dfe]
V  [jvm.dll+0x844463]
V  [jvm.dll+0x249b75]
V  [jvm.dll+0xabcac]
V  [jvm.dll+0xac27c]
V  [jvm.dll+0x56b9f3]
V  [jvm.dll+0x332f60]
V  [jvm.dll+0x3323da]
V  [jvm.dll+0x21c201]
V  [jvm.dll+0x21b621]
V  [jvm.dll+0x1a4fdd]
V  [jvm.dll+0x22b098]
V  [jvm.dll+0x229159]
V  [jvm.dll+0x7f809c]
V  [jvm.dll+0x7f25fa]
V  [jvm.dll+0x682985]
C  [ucrtbase.dll+0x29363]
C  [KERNEL32.DLL+0x1257d]
C  [ntdll.dll+0x5aa78]


---------------  P R O C E S S  ---------------

Threads class SMR info:
_java_thread_list=0x00000190a3c0ce30, length=13, elements={
0x0000019088fdb810, 0x00000190a33cbeb0, 0x00000190a33ccc30, 0x00000190a3c0cea0,
0x00000190a3c4b030, 0x00000190a3c4bb10, 0x00000190a3c4c3d0, 0x00000190a3c4d3d0,
0x00000190a3c4e0e0, 0x00000190a3c4ebf0, 0x00000190a3e122e0, 0x00000190a3e25260,
0x00000190a413e0d0
}

Java Threads: ( => current thread )
  0x0000019088fdb810 JavaThread "main" [_thread_in_Java, id=4108, stack(0x0000002cd0e00000,0x0000002cd0f00000)]
  0x00000190a33cbeb0 JavaThread "Reference Handler" daemon [_thread_blocked, id=18280, stack(0x0000002cd1500000,0x0000002cd1600000)]
  0x00000190a33ccc30 JavaThread "Finalizer" daemon [_thread_blocked, id=19220, stack(0x0000002cd1600000,0x0000002cd1700000)]
  0x00000190a3c0cea0 JavaThread "Signal Dispatcher" daemon [_thread_blocked, id=18376, stack(0x0000002cd1700000,0x0000002cd1800000)]
  0x00000190a3c4b030 JavaThread "Attach Listener" daemon [_thread_blocked, id=14364, stack(0x0000002cd1800000,0x0000002cd1900000)]
  0x00000190a3c4bb10 JavaThread "Service Thread" daemon [_thread_blocked, id=21144, stack(0x0000002cd1900000,0x0000002cd1a00000)]
  0x00000190a3c4c3d0 JavaThread "Monitor Deflation Thread" daemon [_thread_blocked, id=21044, stack(0x0000002cd1a00000,0x0000002cd1b00000)]
=>0x00000190a3c4d3d0 JavaThread "C2 CompilerThread0" daemon [_thread_in_native, id=13600, stack(0x0000002cd1b00000,0x0000002cd1c00000)]
  0x00000190a3c4e0e0 JavaThread "C1 CompilerThread0" daemon [_thread_in_native, id=13576, stack(0x0000002cd1c00000,0x0000002cd1d00000)]
  0x00000190a3c4ebf0 JavaThread "Sweeper thread" daemon [_thread_blocked, id=316, stack(0x0000002cd1d00000,0x0000002cd1e00000)]
  0x00000190a3e122e0 JavaThread "Notification Thread" daemon [_thread_blocked, id=19368, stack(0x0000002cd1e00000,0x0000002cd1f00000)]
  0x00000190a3e25260 JavaThread "Common-Cleaner" daemon [_thread_blocked, id=11148, stack(0x0000002cd2000000,0x0000002cd2100000)]
  0x00000190a413e0d0 JavaThread "C2 CompilerThread1" daemon [_thread_blocked, id=18768, stack(0x0000002cd2100000,0x0000002cd2200000)]

Other Threads:
  0x00000190a33c8280 VMThread "VM Thread" [stack: 0x0000002cd1400000,0x0000002cd1500000] [id=21152]
  0x000001908904e790 WatcherThread [stack: 0x0000002cd1f00000,0x0000002cd2000000] [id=4856]
  0x0000019089035d90 GCTaskThread "GC Thread#0" [stack: 0x0000002cd0f00000,0x0000002cd1000000] [id=17504]
  0x0000019089046760 ConcurrentGCThread "G1 Main Marker" [stack: 0x0000002cd1000000,0x0000002cd1100000] [id=13524]
  0x0000019089047820 ConcurrentGCThread "G1 Conc#0" [stack: 0x0000002cd1100000,0x0000002cd1200000] [id=12752]
  0x00000190a32220d0 ConcurrentGCThread "G1 Refine#0" [stack: 0x0000002cd1200000,0x0000002cd1300000] [id=18668]
  0x00000190a3222a00 ConcurrentGCThread "G1 Service" [stack: 0x0000002cd1300000,0x0000002cd1400000] [id=6360]

Threads with active compile tasks:
C2 CompilerThread0      174  157       4       java.util.zip.ZipFile$Source::initCEN (591 bytes)
C1 CompilerThread0      174  290       3       sun.util.locale.LanguageTag::parseExtensions (208 bytes)

VM state: not at safepoint (normal execution)

VM Mutex/Monitor currently owned by a thread: None

Heap address: 0x0000000082400000, size: 2012 MB, Compressed Oops mode: 32-bit

CDS archive(s) not mapped
Compressed class space mapped at: 0x0000000100000000-0x0000000140000000, reserved size: 1073741824
Narrow klass base: 0x0000000000000000, Narrow klass shift: 3, Narrow klass range: 0x140000000

GC Precious Log:
 CPUs: 12 total, 12 available
 Memory: 8040M
 Large Page Support: Disabled
 NUMA Support: Disabled
 Compressed Oops: Enabled (32-bit)
 Heap Region Size: 1M
 Heap Min Capacity: 8M
 Heap Initial Capacity: 126M
 Heap Max Capacity: 2012M
 Pre-touch: Disabled
 Parallel Workers: 10
 Concurrent Workers: 3
 Concurrent Refinement Workers: 10
 Periodic GC: Disabled

Heap:
 garbage-first heap   total 129024K, used 20480K [0x0000000082400000, 0x0000000100000000)
  region size 1024K, 4 young (4096K), 0 survivors (0K)
 Metaspace       used 7470K, committed 7680K, reserved 1056768K
  class space    used 659K, committed 768K, reserved 1048576K

Heap Regions: E=young(eden), S=young(survivor), O=old, HS=humongous(starts), HC=humongous(continues), CS=collection set, F=free, OA=open archive, CA=closed archive, TAMS=top-at-mark-start (previous, next)
|   0|0x0000000082400000, 0x0000000082500000, 0x0000000082500000|100%|HS|  |TAMS 0x0000000082400000, 0x0000000082400000| Complete 
|   1|0x0000000082500000, 0x0000000082600000, 0x0000000082600000|100%|HC|  |TAMS 0x0000000082500000, 0x0000000082500000| Complete 
|   2|0x0000000082600000, 0x0000000082700000, 0x0000000082700000|100%|HC|  |TAMS 0x0000000082600000, 0x0000000082600000| Complete 
|   3|0x0000000082700000, 0x0000000082800000, 0x0000000082800000|100%|HC|  |TAMS 0x0000000082700000, 0x0000000082700000| Complete 
|   4|0x0000000082800000, 0x0000000082900000, 0x0000000082900000|100%|HC|  |TAMS 0x0000000082800000, 0x0000000082800000| Complete 
|   5|0x0000000082900000, 0x0000000082a00000, 0x0000000082a00000|100%|HC|  |TAMS 0x0000000082900000, 0x0000000082900000| Complete 
|   6|0x0000000082a00000, 0x0000000082b00000, 0x0000000082b00000|100%|HC|  |TAMS 0x0000000082a00000, 0x0000000082a00000| Complete 
|   7|0x0000000082b00000, 0x0000000082c00000, 0x0000000082c00000|100%|HC|  |TAMS 0x0000000082b00000, 0x0000000082b00000| Complete 
|   8|0x0000000082c00000, 0x0000000082d00000, 0x0000000082d00000|100%|HC|  |TAMS 0x0000000082c00000, 0x0000000082c00000| Complete 
|   9|0x0000000082d00000, 0x0000000082e00000, 0x0000000082e00000|100%|HC|  |TAMS 0x0000000082d00000, 0x0000000082d00000| Complete 
|  10|0x0000000082e00000, 0x0000000082f00000, 0x0000000082f00000|100%|HC|  |TAMS 0x0000000082e00000, 0x0000000082e00000| Complete 
|  11|0x0000000082f00000, 0x0000000083000000, 0x0000000083000000|100%|HC|  |TAMS 0x0000000082f00000, 0x0000000082f00000| Complete 
|  12|0x0000000083000000, 0x0000000083100000, 0x0000000083100000|100%|HS|  |TAMS 0x0000000083000000, 0x0000000083000000| Complete 
|  13|0x0000000083100000, 0x0000000083200000, 0x0000000083200000|100%|HC|  |TAMS 0x0000000083100000, 0x0000000083100000| Complete 
|  14|0x0000000083200000, 0x0000000083300000, 0x0000000083300000|100%|HS|  |TAMS 0x0000000083200000, 0x0000000083200000| Complete 
|  15|0x0000000083300000, 0x0000000083400000, 0x0000000083400000|100%|HC|  |TAMS 0x0000000083300000, 0x0000000083300000| Complete 
|  16|0x0000000083400000, 0x0000000083500000, 0x0000000083500000|100%|HC|  |TAMS 0x0000000083400000, 0x0000000083400000| Complete 
|  17|0x0000000083500000, 0x0000000083500000, 0x0000000083600000|  0%| F|  |TAMS 0x0000000083500000, 0x0000000083500000| Untracked 
|  18|0x0000000083600000, 0x0000000083600000, 0x0000000083700000|  0%| F|  |TAMS 0x0000000083600000, 0x0000000083600000| Untracked 
|  19|0x0000000083700000, 0x0000000083700000, 0x0000000083800000|  0%| F|  |TAMS 0x0000000083700000, 0x0000000083700000| Untracked 
|  20|0x0000000083800000, 0x0000000083800000, 0x0000000083900000|  0%| F|  |TAMS 0x0000000083800000, 0x0000000083800000| Untracked 
|  21|0x0000000083900000, 0x0000000083900000, 0x0000000083a00000|  0%| F|  |TAMS 0x0000000083900000, 0x0000000083900000| Untracked 
|  22|0x0000000083a00000, 0x0000000083a00000, 0x0000000083b00000|  0%| F|  |TAMS 0x0000000083a00000, 0x0000000083a00000| Untracked 
|  23|0x0000000083b00000, 0x0000000083b00000, 0x0000000083c00000|  0%| F|  |TAMS 0x0000000083b00000, 0x0000000083b00000| Untracked 
|  24|0x0000000083c00000, 0x0000000083c00000, 0x0000000083d00000|  0%| F|  |TAMS 0x0000000083c00000, 0x0000000083c00000| Untracked 
|  25|0x0000000083d00000, 0x0000000083d00000, 0x0000000083e00000|  0%| F|  |TAMS 0x0000000083d00000, 0x0000000083d00000| Untracked 
|  26|0x0000000083e00000, 0x0000000083e00000, 0x0000000083f00000|  0%| F|  |TAMS 0x0000000083e00000, 0x0000000083e00000| Untracked 
|  27|0x0000000083f00000, 0x0000000083f00000, 0x0000000084000000|  0%| F|  |TAMS 0x0000000083f00000, 0x0000000083f00000| Untracked 
|  28|0x0000000084000000, 0x0000000084000000, 0x0000000084100000|  0%| F|  |TAMS 0x0000000084000000, 0x0000000084000000| Untracked 
|  29|0x0000000084100000, 0x0000000084100000, 0x0000000084200000|  0%| F|  |TAMS 0x0000000084100000, 0x0000000084100000| Untracked 
|  30|0x0000000084200000, 0x0000000084200000, 0x0000000084300000|  0%| F|  |TAMS 0x0000000084200000, 0x0000000084200000| Untracked 
|  31|0x0000000084300000, 0x0000000084300000, 0x0000000084400000|  0%| F|  |TAMS 0x0000000084300000, 0x0000000084300000| Untracked 
|  32|0x0000000084400000, 0x0000000084400000, 0x0000000084500000|  0%| F|  |TAMS 0x0000000084400000, 0x0000000084400000| Untracked 
|  33|0x0000000084500000, 0x0000000084500000, 0x0000000084600000|  0%| F|  |TAMS 0x0000000084500000, 0x0000000084500000| Untracked 
|  34|0x0000000084600000, 0x0000000084600000, 0x0000000084700000|  0%| F|  |TAMS 0x0000000084600000, 0x0000000084600000| Untracked 
|  35|0x0000000084700000, 0x0000000084700000, 0x0000000084800000|  0%| F|  |TAMS 0x0000000084700000, 0x0000000084700000| Untracked 
|  36|0x0000000084800000, 0x0000000084800000, 0x0000000084900000|  0%| F|  |TAMS 0x0000000084800000, 0x0000000084800000| Untracked 
|  37|0x0000000084900000, 0x0000000084900000, 0x0000000084a00000|  0%| F|  |TAMS 0x0000000084900000, 0x0000000084900000| Untracked 
|  38|0x0000000084a00000, 0x0000000084a00000, 0x0000000084b00000|  0%| F|  |TAMS 0x0000000084a00000, 0x0000000084a00000| Untracked 
|  39|0x0000000084b00000, 0x0000000084b00000, 0x0000000084c00000|  0%| F|  |TAMS 0x0000000084b00000, 0x0000000084b00000| Untracked 
|  40|0x0000000084c00000, 0x0000000084c00000, 0x0000000084d00000|  0%| F|  |TAMS 0x0000000084c00000, 0x0000000084c00000| Untracked 
|  41|0x0000000084d00000, 0x0000000084d00000, 0x0000000084e00000|  0%| F|  |TAMS 0x0000000084d00000, 0x0000000084d00000| Untracked 
|  42|0x0000000084e00000, 0x0000000084e00000, 0x0000000084f00000|  0%| F|  |TAMS 0x0000000084e00000, 0x0000000084e00000| Untracked 
|  43|0x0000000084f00000, 0x0000000084f00000, 0x0000000085000000|  0%| F|  |TAMS 0x0000000084f00000, 0x0000000084f00000| Untracked 
|  44|0x0000000085000000, 0x0000000085000000, 0x0000000085100000|  0%| F|  |TAMS 0x0000000085000000, 0x0000000085000000| Untracked 
|  45|0x0000000085100000, 0x0000000085100000, 0x0000000085200000|  0%| F|  |TAMS 0x0000000085100000, 0x0000000085100000| Untracked 
|  46|0x0000000085200000, 0x0000000085200000, 0x0000000085300000|  0%| F|  |TAMS 0x0000000085200000, 0x0000000085200000| Untracked 
|  47|0x0000000085300000, 0x0000000085300000, 0x0000000085400000|  0%| F|  |TAMS 0x0000000085300000, 0x0000000085300000| Untracked 
|  48|0x0000000085400000, 0x0000000085400000, 0x0000000085500000|  0%| F|  |TAMS 0x0000000085400000, 0x0000000085400000| Untracked 
|  49|0x0000000085500000, 0x0000000085500000, 0x0000000085600000|  0%| F|  |TAMS 0x0000000085500000, 0x0000000085500000| Untracked 
|  50|0x0000000085600000, 0x0000000085600000, 0x0000000085700000|  0%| F|  |TAMS 0x0000000085600000, 0x0000000085600000| Untracked 
|  51|0x0000000085700000, 0x0000000085700000, 0x0000000085800000|  0%| F|  |TAMS 0x0000000085700000, 0x0000000085700000| Untracked 
|  52|0x0000000085800000, 0x0000000085800000, 0x0000000085900000|  0%| F|  |TAMS 0x0000000085800000, 0x0000000085800000| Untracked 
|  53|0x0000000085900000, 0x0000000085900000, 0x0000000085a00000|  0%| F|  |TAMS 0x0000000085900000, 0x0000000085900000| Untracked 
|  54|0x0000000085a00000, 0x0000000085a00000, 0x0000000085b00000|  0%| F|  |TAMS 0x0000000085a00000, 0x0000000085a00000| Untracked 
|  55|0x0000000085b00000, 0x0000000085b00000, 0x0000000085c00000|  0%| F|  |TAMS 0x0000000085b00000, 0x0000000085b00000| Untracked 
|  56|0x0000000085c00000, 0x0000000085c00000, 0x0000000085d00000|  0%| F|  |TAMS 0x0000000085c00000, 0x0000000085c00000| Untracked 
|  57|0x0000000085d00000, 0x0000000085d00000, 0x0000000085e00000|  0%| F|  |TAMS 0x0000000085d00000, 0x0000000085d00000| Untracked 
|  58|0x0000000085e00000, 0x0000000085e00000, 0x0000000085f00000|  0%| F|  |TAMS 0x0000000085e00000, 0x0000000085e00000| Untracked 
|  59|0x0000000085f00000, 0x0000000085f00000, 0x0000000086000000|  0%| F|  |TAMS 0x0000000085f00000, 0x0000000085f00000| Untracked 
|  60|0x0000000086000000, 0x0000000086000000, 0x0000000086100000|  0%| F|  |TAMS 0x0000000086000000, 0x0000000086000000| Untracked 
|  61|0x0000000086100000, 0x0000000086100000, 0x0000000086200000|  0%| F|  |TAMS 0x0000000086100000, 0x0000000086100000| Untracked 
|  62|0x0000000086200000, 0x0000000086200000, 0x0000000086300000|  0%| F|  |TAMS 0x0000000086200000, 0x0000000086200000| Untracked 
|  63|0x0000000086300000, 0x0000000086300000, 0x0000000086400000|  0%| F|  |TAMS 0x0000000086300000, 0x0000000086300000| Untracked 
|  64|0x0000000086400000, 0x0000000086400000, 0x0000000086500000|  0%| F|  |TAMS 0x0000000086400000, 0x0000000086400000| Untracked 
|  65|0x0000000086500000, 0x0000000086500000, 0x0000000086600000|  0%| F|  |TAMS 0x0000000086500000, 0x0000000086500000| Untracked 
|  66|0x0000000086600000, 0x0000000086600000, 0x0000000086700000|  0%| F|  |TAMS 0x0000000086600000, 0x0000000086600000| Untracked 
|  67|0x0000000086700000, 0x0000000086700000, 0x0000000086800000|  0%| F|  |TAMS 0x0000000086700000, 0x0000000086700000| Untracked 
|  68|0x0000000086800000, 0x0000000086800000, 0x0000000086900000|  0%| F|  |TAMS 0x0000000086800000, 0x0000000086800000| Untracked 
|  69|0x0000000086900000, 0x0000000086900000, 0x0000000086a00000|  0%| F|  |TAMS 0x0000000086900000, 0x0000000086900000| Untracked 
|  70|0x0000000086a00000, 0x0000000086a00000, 0x0000000086b00000|  0%| F|  |TAMS 0x0000000086a00000, 0x0000000086a00000| Untracked 
|  71|0x0000000086b00000, 0x0000000086b00000, 0x0000000086c00000|  0%| F|  |TAMS 0x0000000086b00000, 0x0000000086b00000| Untracked 
|  72|0x0000000086c00000, 0x0000000086c00000, 0x0000000086d00000|  0%| F|  |TAMS 0x0000000086c00000, 0x0000000086c00000| Untracked 
|  73|0x0000000086d00000, 0x0000000086d00000, 0x0000000086e00000|  0%| F|  |TAMS 0x0000000086d00000, 0x0000000086d00000| Untracked 
|  74|0x0000000086e00000, 0x0000000086e00000, 0x0000000086f00000|  0%| F|  |TAMS 0x0000000086e00000, 0x0000000086e00000| Untracked 
|  75|0x0000000086f00000, 0x0000000086f00000, 0x0000000087000000|  0%| F|  |TAMS 0x0000000086f00000, 0x0000000086f00000| Untracked 
|  76|0x0000000087000000, 0x0000000087000000, 0x0000000087100000|  0%| F|  |TAMS 0x0000000087000000, 0x0000000087000000| Untracked 
|  77|0x0000000087100000, 0x0000000087100000, 0x0000000087200000|  0%| F|  |TAMS 0x0000000087100000, 0x0000000087100000| Untracked 
|  78|0x0000000087200000, 0x0000000087200000, 0x0000000087300000|  0%| F|  |TAMS 0x0000000087200000, 0x0000000087200000| Untracked 
|  79|0x0000000087300000, 0x0000000087300000, 0x0000000087400000|  0%| F|  |TAMS 0x0000000087300000, 0x0000000087300000| Untracked 
|  80|0x0000000087400000, 0x0000000087400000, 0x0000000087500000|  0%| F|  |TAMS 0x0000000087400000, 0x0000000087400000| Untracked 
|  81|0x0000000087500000, 0x0000000087500000, 0x0000000087600000|  0%| F|  |TAMS 0x0000000087500000, 0x0000000087500000| Untracked 
|  82|0x0000000087600000, 0x0000000087600000, 0x0000000087700000|  0%| F|  |TAMS 0x0000000087600000, 0x0000000087600000| Untracked 
|  83|0x0000000087700000, 0x0000000087700000, 0x0000000087800000|  0%| F|  |TAMS 0x0000000087700000, 0x0000000087700000| Untracked 
|  84|0x0000000087800000, 0x0000000087800000, 0x0000000087900000|  0%| F|  |TAMS 0x0000000087800000, 0x0000000087800000| Untracked 
|  85|0x0000000087900000, 0x0000000087900000, 0x0000000087a00000|  0%| F|  |TAMS 0x0000000087900000, 0x0000000087900000| Untracked 
|  86|0x0000000087a00000, 0x0000000087a00000, 0x0000000087b00000|  0%| F|  |TAMS 0x0000000087a00000, 0x0000000087a00000| Untracked 
|  87|0x0000000087b00000, 0x0000000087b00000, 0x0000000087c00000|  0%| F|  |TAMS 0x0000000087b00000, 0x0000000087b00000| Untracked 
|  88|0x0000000087c00000, 0x0000000087c00000, 0x0000000087d00000|  0%| F|  |TAMS 0x0000000087c00000, 0x0000000087c00000| Untracked 
|  89|0x0000000087d00000, 0x0000000087d00000, 0x0000000087e00000|  0%| F|  |TAMS 0x0000000087d00000, 0x0000000087d00000| Untracked 
|  90|0x0000000087e00000, 0x0000000087e00000, 0x0000000087f00000|  0%| F|  |TAMS 0x0000000087e00000, 0x0000000087e00000| Untracked 
|  91|0x0000000087f00000, 0x0000000087f00000, 0x0000000088000000|  0%| F|  |TAMS 0x0000000087f00000, 0x0000000087f00000| Untracked 
|  92|0x0000000088000000, 0x0000000088000000, 0x0000000088100000|  0%| F|  |TAMS 0x0000000088000000, 0x0000000088000000| Untracked 
|  93|0x0000000088100000, 0x0000000088100000, 0x0000000088200000|  0%| F|  |TAMS 0x0000000088100000, 0x0000000088100000| Untracked 
|  94|0x0000000088200000, 0x0000000088200000, 0x0000000088300000|  0%| F|  |TAMS 0x0000000088200000, 0x0000000088200000| Untracked 
|  95|0x0000000088300000, 0x0000000088300000, 0x0000000088400000|  0%| F|  |TAMS 0x0000000088300000, 0x0000000088300000| Untracked 
|  96|0x0000000088400000, 0x0000000088400000, 0x0000000088500000|  0%| F|  |TAMS 0x0000000088400000, 0x0000000088400000| Untracked 
|  97|0x0000000088500000, 0x0000000088500000, 0x0000000088600000|  0%| F|  |TAMS 0x0000000088500000, 0x0000000088500000| Untracked 
|  98|0x0000000088600000, 0x0000000088600000, 0x0000000088700000|  0%| F|  |TAMS 0x0000000088600000, 0x0000000088600000| Untracked 
|  99|0x0000000088700000, 0x0000000088700000, 0x0000000088800000|  0%| F|  |TAMS 0x0000000088700000, 0x0000000088700000| Untracked 
| 100|0x0000000088800000, 0x0000000088800000, 0x0000000088900000|  0%| F|  |TAMS 0x0000000088800000, 0x0000000088800000| Untracked 
| 101|0x0000000088900000, 0x0000000088900000, 0x0000000088a00000|  0%| F|  |TAMS 0x0000000088900000, 0x0000000088900000| Untracked 
| 102|0x0000000088a00000, 0x0000000088a00000, 0x0000000088b00000|  0%| F|  |TAMS 0x0000000088a00000, 0x0000000088a00000| Untracked 
| 103|0x0000000088b00000, 0x0000000088b00000, 0x0000000088c00000|  0%| F|  |TAMS 0x0000000088b00000, 0x0000000088b00000| Untracked 
| 104|0x0000000088c00000, 0x0000000088c00000, 0x0000000088d00000|  0%| F|  |TAMS 0x0000000088c00000, 0x0000000088c00000| Untracked 
| 105|0x0000000088d00000, 0x0000000088d00000, 0x0000000088e00000|  0%| F|  |TAMS 0x0000000088d00000, 0x0000000088d00000| Untracked 
| 106|0x0000000088e00000, 0x0000000088e00000, 0x0000000088f00000|  0%| F|  |TAMS 0x0000000088e00000, 0x0000000088e00000| Untracked 
| 107|0x0000000088f00000, 0x0000000088f00000, 0x0000000089000000|  0%| F|  |TAMS 0x0000000088f00000, 0x0000000088f00000| Untracked 
| 108|0x0000000089000000, 0x0000000089000000, 0x0000000089100000|  0%| F|  |TAMS 0x0000000089000000, 0x0000000089000000| Untracked 
| 109|0x0000000089100000, 0x0000000089100000, 0x0000000089200000|  0%| F|  |TAMS 0x0000000089100000, 0x0000000089100000| Untracked 
| 110|0x0000000089200000, 0x0000000089200000, 0x0000000089300000|  0%| F|  |TAMS 0x0000000089200000, 0x0000000089200000| Untracked 
| 111|0x0000000089300000, 0x0000000089300000, 0x0000000089400000|  0%| F|  |TAMS 0x0000000089300000, 0x0000000089300000| Untracked 
| 112|0x0000000089400000, 0x0000000089400000, 0x0000000089500000|  0%| F|  |TAMS 0x0000000089400000, 0x0000000089400000| Untracked 
| 113|0x0000000089500000, 0x0000000089500000, 0x0000000089600000|  0%| F|  |TAMS 0x0000000089500000, 0x0000000089500000| Untracked 
| 114|0x0000000089600000, 0x0000000089600000, 0x0000000089700000|  0%| F|  |TAMS 0x0000000089600000, 0x0000000089600000| Untracked 
| 115|0x0000000089700000, 0x0000000089700000, 0x0000000089800000|  0%| F|  |TAMS 0x0000000089700000, 0x0000000089700000| Untracked 
| 116|0x0000000089800000, 0x0000000089800000, 0x0000000089900000|  0%| F|  |TAMS 0x0000000089800000, 0x0000000089800000| Untracked 
| 117|0x0000000089900000, 0x0000000089900000, 0x0000000089a00000|  0%| F|  |TAMS 0x0000000089900000, 0x0000000089900000| Untracked 
| 118|0x0000000089a00000, 0x0000000089a00000, 0x0000000089b00000|  0%| F|  |TAMS 0x0000000089a00000, 0x0000000089a00000| Untracked 
| 119|0x0000000089b00000, 0x0000000089b00000, 0x0000000089c00000|  0%| F|  |TAMS 0x0000000089b00000, 0x0000000089b00000| Untracked 
| 120|0x0000000089c00000, 0x0000000089c00000, 0x0000000089d00000|  0%| F|  |TAMS 0x0000000089c00000, 0x0000000089c00000| Untracked 
| 121|0x0000000089d00000, 0x0000000089d00000, 0x0000000089e00000|  0%| F|  |TAMS 0x0000000089d00000, 0x0000000089d00000| Untracked 
| 122|0x0000000089e00000, 0x0000000089e76448, 0x0000000089f00000| 46%| E|  |TAMS 0x0000000089e00000, 0x0000000089e00000| Complete 
| 123|0x0000000089f00000, 0x000000008a000000, 0x000000008a000000|100%| E|CS|TAMS 0x0000000089f00000, 0x0000000089f00000| Complete 
| 124|0x000000008a000000, 0x000000008a100000, 0x000000008a100000|100%| E|CS|TAMS 0x000000008a000000, 0x000000008a000000| Complete 
| 125|0x000000008a100000, 0x000000008a200000, 0x000000008a200000|100%| E|CS|TAMS 0x000000008a100000, 0x000000008a100000| Complete 

Card table byte_map: [0x000001909c080000,0x000001909c470000] _byte_map_base: 0x000001909bc6e000

Marking Bits (Prev, Next): (CMBitMap*) 0x00000190890362b0, (CMBitMap*) 0x00000190890362f0
 Prev Bits: [0x000001909c860000, 0x000001909e7d0000)
 Next Bits: [0x000001909e7d0000, 0x00000190a0740000)

Polling page: 0x00000190887a0000

Metaspace:

Usage:
  Non-class:      6.69 MB used.
      Class:    662.62 KB used.
       Both:      7.34 MB used.

Virtual space:
  Non-class space:        8.00 MB reserved,       6.81 MB ( 85%) committed,  1 nodes.
      Class space:        1.00 GB reserved,     768.00 KB ( <1%) committed,  1 nodes.
             Both:        1.01 GB reserved,       7.56 MB ( <1%) committed. 

Chunk freelists:
   Non-Class:  1018.00 KB
       Class:  3.23 MB
        Both:  4.23 MB

MaxMetaspaceSize: unlimited
CompressedClassSpaceSize: 1.00 GB
Initial GC threshold: 21.00 MB
Current GC threshold: 21.00 MB
CDS: off
MetaspaceReclaimPolicy: balanced
 - commit_granule_bytes: 65536.
 - commit_granule_words: 8192.
 - virtual_space_node_default_size: 1048576.
 - enlarge_chunks_in_place: 1.
 - new_chunks_are_fully_committed: 0.
 - uncommit_free_chunks: 1.
 - use_allocation_guard: 0.
 - handle_deallocations: 1.


Internal statistics:

num_allocs_failed_limit: 0.
num_arena_births: 10.
num_arena_deaths: 0.
num_vsnodes_births: 2.
num_vsnodes_deaths: 0.
num_space_committed: 121.
num_space_uncommitted: 0.
num_chunks_returned_to_freelist: 0.
num_chunks_taken_from_freelist: 34.
num_chunk_merges: 0.
num_chunk_splits: 15.
num_chunks_enlarged: 6.
num_purges: 0.
num_inconsistent_stats: 0.

CodeHeap 'non-profiled nmethods': size=120000Kb used=83Kb max_used=83Kb free=119916Kb
 bounds [0x0000019094210000, 0x0000019094480000, 0x000001909b740000]
CodeHeap 'profiled nmethods': size=120000Kb used=471Kb max_used=471Kb free=119528Kb
 bounds [0x000001908c740000, 0x000001908c9b0000, 0x0000019093c70000]
CodeHeap 'non-nmethods': size=5760Kb used=1106Kb max_used=1120Kb free=4653Kb
 bounds [0x0000019093c70000, 0x0000019093ee0000, 0x0000019094210000]
 total_blobs=674 nmethods=290 adapters=297
 compilation: enabled
              stopped_count=0, restarted_count=0
 full_count=0

Compilation events (20 events):
Event: 0.148 Thread 0x00000190a3c4e0e0 nmethod 174 0x000001908c784690 code [0x000001908c784840, 0x000001908c784a88]
Event: 0.148 Thread 0x00000190a3c4e0e0  175       3       java.lang.String::<init> (14 bytes)
Event: 0.149 Thread 0x00000190a3c4e0e0 nmethod 175 0x000001908c784b90 code [0x000001908c784d40, 0x000001908c784f58]
Event: 0.149 Thread 0x00000190a3c4e0e0  176       3       java.lang.String::rangeCheck (9 bytes)
Event: 0.149 Thread 0x00000190a3c4e0e0 nmethod 176 0x000001908c785090 code [0x000001908c785240, 0x000001908c785368]
Event: 0.149 Thread 0x00000190a3c4e0e0  179       3       java.util.Objects::checkFromIndexSize (8 bytes)
Event: 0.149 Thread 0x00000190a3c4e0e0 nmethod 179 0x000001908c785410 code [0x000001908c7855c0, 0x000001908c7857e8]
Event: 0.149 Thread 0x00000190a3c4e0e0  180       3       jdk.internal.util.Preconditions::checkFromIndexSize (25 bytes)
Event: 0.149 Thread 0x00000190a3c4e0e0 nmethod 180 0x000001908c785910 code [0x000001908c785ac0, 0x000001908c785c88]
Event: 0.150 Thread 0x00000190a3c4e0e0  184       3       sun.util.locale.LocaleUtils::isUpper (18 bytes)
Event: 0.150 Thread 0x00000190a3c4e0e0 nmethod 184 0x000001908c785d90 code [0x000001908c785f20, 0x000001908c786098]
Event: 0.151 Thread 0x00000190a3c4e0e0  185       1       sun.util.locale.BaseLocale::getLanguage (5 bytes)
Event: 0.151 Thread 0x00000190a3c4e0e0 nmethod 185 0x000001909421ca90 code [0x000001909421cc20, 0x000001909421ccf8]
Event: 0.151 Thread 0x00000190a3c4e0e0  186   !   3       java.lang.ref.ReferenceQueue::poll (28 bytes)
Event: 0.151 Thread 0x00000190a3c4e0e0 nmethod 186 0x000001908c786110 code [0x000001908c7862c0, 0x000001908c786548]
Event: 0.151 Thread 0x00000190a3c4e0e0  187       3       java.util.HashMap::resize (356 bytes)
Event: 0.151 Thread 0x00000190a3c4e0e0 nmethod 187 0x000001908c786690 code [0x000001908c786940, 0x000001908c787d88]
Event: 0.151 Thread 0x00000190a3c4e0e0  188       3       java.lang.invoke.MemberName::testFlags (16 bytes)
Event: 0.151 Thread 0x00000190a3c4e0e0 nmethod 188 0x000001908c788210 code [0x000001908c7883a0, 0x000001908c788518]
Event: 0.151 Thread 0x00000190a3c4e0e0  193       3       java.lang.invoke.MethodTypeForm::canonicalize (74 bytes)

GC Heap History (0 events):
No events

Dll operation events (2 events):
Event: 0.004 Loaded shared library C:\Program Files\JetBrains\WebStorm 2022.3.1\jbr\bin\java.dll
Event: 0.121 Loaded shared library C:\Program Files\JetBrains\WebStorm 2022.3.1\jbr\bin\verify.dll

Deoptimization events (20 events):
Event: 0.091 Thread 0x0000019088fdb810 DEOPT PACKING pc=0x000001908c758b8c sp=0x0000002cd0efa180
Event: 0.091 Thread 0x0000019088fdb810 DEOPT UNPACKING pc=0x0000019093cc7143 sp=0x0000002cd0ef9610 mode 0
Event: 0.091 Thread 0x0000019088fdb810 DEOPT PACKING pc=0x000001908c758b8c sp=0x0000002cd0efa180
Event: 0.091 Thread 0x0000019088fdb810 DEOPT UNPACKING pc=0x0000019093cc7143 sp=0x0000002cd0ef9610 mode 0
Event: 0.091 Thread 0x0000019088fdb810 DEOPT PACKING pc=0x000001908c758b8c sp=0x0000002cd0efa180
Event: 0.091 Thread 0x0000019088fdb810 DEOPT UNPACKING pc=0x0000019093cc7143 sp=0x0000002cd0ef9610 mode 0
Event: 0.091 Thread 0x0000019088fdb810 DEOPT PACKING pc=0x000001908c758b8c sp=0x0000002cd0efa180
Event: 0.091 Thread 0x0000019088fdb810 DEOPT UNPACKING pc=0x0000019093cc7143 sp=0x0000002cd0ef9610 mode 0
Event: 0.091 Thread 0x0000019088fdb810 DEOPT PACKING pc=0x000001908c758b8c sp=0x0000002cd0efa180
Event: 0.091 Thread 0x0000019088fdb810 DEOPT UNPACKING pc=0x0000019093cc7143 sp=0x0000002cd0ef9610 mode 0
Event: 0.091 Thread 0x0000019088fdb810 DEOPT PACKING pc=0x000001908c758b8c sp=0x0000002cd0efa180
Event: 0.091 Thread 0x0000019088fdb810 DEOPT UNPACKING pc=0x0000019093cc7143 sp=0x0000002cd0ef9610 mode 0
Event: 0.092 Thread 0x0000019088fdb810 DEOPT PACKING pc=0x000001908c758b8c sp=0x0000002cd0efa180
Event: 0.092 Thread 0x0000019088fdb810 DEOPT UNPACKING pc=0x0000019093cc7143 sp=0x0000002cd0ef9610 mode 0
Event: 0.132 Thread 0x0000019088fdb810 DEOPT PACKING pc=0x000001908c76b2aa sp=0x0000002cd0efdce0
Event: 0.132 Thread 0x0000019088fdb810 DEOPT UNPACKING pc=0x0000019093cc7143 sp=0x0000002cd0efd270 mode 0
Event: 0.132 Thread 0x0000019088fdb810 Uncommon trap: trap_request=0xffffff45 fr.pc=0x0000019094219f68 relative=0x00000000000010e8
Event: 0.132 Thread 0x0000019088fdb810 Uncommon trap: reason=unstable_if action=reinterpret pc=0x0000019094219f68 method=java.util.zip.ZipFile$Source.initCEN(I)V @ 379 c2
Event: 0.132 Thread 0x0000019088fdb810 DEOPT PACKING pc=0x0000019094219f68 sp=0x0000002cd0efddd0
Event: 0.132 Thread 0x0000019088fdb810 DEOPT UNPACKING pc=0x0000019093cc69a3 sp=0x0000002cd0efdd78 mode 2

Classes unloaded (0 events):
No events

Classes redefined (0 events):
No events

Internal exceptions (0 events):
No events

VM Operations (6 events):
Event: 0.106 Executing VM operation: HandshakeAllThreads
Event: 0.106 Executing VM operation: HandshakeAllThreads done
Event: 0.106 Executing VM operation: HandshakeAllThreads
Event: 0.106 Executing VM operation: HandshakeAllThreads done
Event: 0.137 Executing VM operation: HandshakeAllThreads
Event: 0.137 Executing VM operation: HandshakeAllThreads done

Events (20 events):
Event: 0.150 loading class sun/util/locale/ParseStatus done
Event: 0.150 loading class sun/util/locale/StringTokenIterator
Event: 0.150 loading class sun/util/locale/StringTokenIterator done
Event: 0.150 loading class sun/util/locale/InternalLocaleBuilder
Event: 0.150 loading class sun/util/locale/InternalLocaleBuilder done
Event: 0.150 loading class sun/util/locale/InternalLocaleBuilder$CaseInsensitiveChar
Event: 0.150 loading class sun/util/locale/InternalLocaleBuilder$CaseInsensitiveChar done
Event: 0.150 loading class sun/util/locale/BaseLocale$Key
Event: 0.150 loading class sun/util/locale/BaseLocale$Key done
Event: 0.150 loading class sun/util/locale/BaseLocale$Cache
Event: 0.150 loading class sun/util/locale/LocaleObjectCache
Event: 0.150 loading class sun/util/locale/LocaleObjectCache done
Event: 0.150 loading class sun/util/locale/BaseLocale$Cache done
Event: 0.150 loading class sun/util/locale/LocaleObjectCache$CacheEntry
Event: 0.150 loading class sun/util/locale/LocaleObjectCache$CacheEntry done
Event: 0.150 loading class java/util/Locale$Cache
Event: 0.150 loading class java/util/Locale$Cache done
Event: 0.151 loading class java/lang/invoke/LambdaMetafactory
Event: 0.151 loading class java/lang/invoke/LambdaMetafactory done
Event: 0.151 loading class java/lang/invoke/InnerClassLambdaMetafactory


Dynamic libraries:
0x00007ff6863b0000 - 0x00007ff6863ba000 	C:\Program Files\JetBrains\WebStorm 2022.3.1\jbr\bin\java.exe
0x00007ffb59c50000 - 0x00007ffb59e67000 	C:\WINDOWS\SYSTEM32\ntdll.dll
0x00007ffb57d70000 - 0x00007ffb57e34000 	C:\WINDOWS\System32\KERNEL32.DLL
0x00007ffb56fd0000 - 0x00007ffb57376000 	C:\WINDOWS\System32\KERNELBASE.dll
0x00007ffb575b0000 - 0x00007ffb576c1000 	C:\WINDOWS\System32\ucrtbase.dll
0x00007ffb47930000 - 0x00007ffb47947000 	C:\Program Files\JetBrains\WebStorm 2022.3.1\jbr\bin\jli.dll
0x00007ffb478a0000 - 0x00007ffb478bb000 	C:\Program Files\JetBrains\WebStorm 2022.3.1\jbr\bin\VCRUNTIME140.dll
0x00007ffb59310000 - 0x00007ffb594bd000 	C:\WINDOWS\System32\USER32.dll
0x00007ffb41410000 - 0x00007ffb416a3000 	C:\WINDOWS\WinSxS\amd64_microsoft.windows.common-controls_6595b64144ccf1df_6.0.22621.2361_none_2712ced57382f843\COMCTL32.dll
0x00007ffb57900000 - 0x00007ffb57926000 	C:\WINDOWS\System32\win32u.dll
0x00007ffb57a70000 - 0x00007ffb57b17000 	C:\WINDOWS\System32\msvcrt.dll
0x00007ffb587a0000 - 0x00007ffb587c9000 	C:\WINDOWS\System32\GDI32.dll
0x00007ffb57380000 - 0x00007ffb57498000 	C:\WINDOWS\System32\gdi32full.dll
0x00007ffb574a0000 - 0x00007ffb5753a000 	C:\WINDOWS\System32\msvcp_win.dll
0x00007ffb59af0000 - 0x00007ffb59b21000 	C:\WINDOWS\System32\IMM32.DLL
0x00007ffb525f0000 - 0x00007ffb525fc000 	C:\Program Files\JetBrains\WebStorm 2022.3.1\jbr\bin\vcruntime140_1.dll
0x00007ffb35960000 - 0x00007ffb359ed000 	C:\Program Files\JetBrains\WebStorm 2022.3.1\jbr\bin\msvcp140.dll
0x00007ffaf3bf0000 - 0x00007ffaf485d000 	C:\Program Files\JetBrains\WebStorm 2022.3.1\jbr\bin\server\jvm.dll
0x00007ffb579b0000 - 0x00007ffb57a60000 	C:\WINDOWS\System32\ADVAPI32.dll
0x00007ffb58390000 - 0x00007ffb58436000 	C:\WINDOWS\System32\sechost.dll
0x00007ffb59550000 - 0x00007ffb59667000 	C:\WINDOWS\System32\RPCRT4.dll
0x00007ffb50d80000 - 0x00007ffb50db4000 	C:\WINDOWS\SYSTEM32\WINMM.dll
0x00007ffb52500000 - 0x00007ffb52509000 	C:\WINDOWS\SYSTEM32\WSOCK32.dll
0x00007ffb587d0000 - 0x00007ffb58841000 	C:\WINDOWS\System32\WS2_32.dll
0x00007ffb50fb0000 - 0x00007ffb50fba000 	C:\WINDOWS\SYSTEM32\VERSION.dll
0x00007ffb560a0000 - 0x00007ffb560b8000 	C:\WINDOWS\SYSTEM32\kernel.appcore.dll
0x00007ffb51df0000 - 0x00007ffb51dfa000 	C:\Program Files\JetBrains\WebStorm 2022.3.1\jbr\bin\jimage.dll
0x00007ffb3e810000 - 0x00007ffb3ea3e000 	C:\WINDOWS\SYSTEM32\DBGHELP.DLL
0x00007ffb57e50000 - 0x00007ffb581da000 	C:\WINDOWS\System32\combase.dll
0x00007ffb59b30000 - 0x00007ffb59c07000 	C:\WINDOWS\System32\OLEAUT32.dll
0x00007ffb3e490000 - 0x00007ffb3e4c2000 	C:\WINDOWS\SYSTEM32\dbgcore.DLL
0x00007ffb57930000 - 0x00007ffb579aa000 	C:\WINDOWS\System32\bcryptPrimitives.dll
0x00007ffb4bac0000 - 0x00007ffb4bae5000 	C:\Program Files\JetBrains\WebStorm 2022.3.1\jbr\bin\java.dll
0x00007ffb4b910000 - 0x00007ffb4b928000 	C:\Program Files\JetBrains\WebStorm 2022.3.1\jbr\bin\zip.dll
0x00007ffb58850000 - 0x00007ffb590a8000 	C:\WINDOWS\System32\SHELL32.dll
0x00007ffb54f30000 - 0x00007ffb55822000 	C:\WINDOWS\SYSTEM32\windows.storage.dll
0x00007ffb54df0000 - 0x00007ffb54f2e000 	C:\WINDOWS\SYSTEM32\wintypes.dll
0x00007ffb58290000 - 0x00007ffb58383000 	C:\WINDOWS\System32\SHCORE.dll
0x00007ffb592a0000 - 0x00007ffb592fe000 	C:\WINDOWS\System32\shlwapi.dll
0x00007ffb56f00000 - 0x00007ffb56f26000 	C:\WINDOWS\SYSTEM32\profapi.dll
0x00007ffb4b8f0000 - 0x00007ffb4b909000 	C:\Program Files\JetBrains\WebStorm 2022.3.1\jbr\bin\net.dll
0x00007ffb50c40000 - 0x00007ffb50d77000 	C:\WINDOWS\SYSTEM32\WINHTTP.dll
0x00007ffb56580000 - 0x00007ffb565e9000 	C:\WINDOWS\system32\mswsock.dll
0x00007ffb4b8d0000 - 0x00007ffb4b8e6000 	C:\Program Files\JetBrains\WebStorm 2022.3.1\jbr\bin\nio.dll
0x00007ffb518d0000 - 0x00007ffb518e0000 	C:\Program Files\JetBrains\WebStorm 2022.3.1\jbr\bin\verify.dll

dbghelp: loaded successfully - version: 4.0.5 - missing functions: none
symbol engine: initialized successfully - sym options: 0x614 - pdb path: .;C:\Program Files\JetBrains\WebStorm 2022.3.1\jbr\bin;C:\WINDOWS\SYSTEM32;C:\WINDOWS\WinSxS\amd64_microsoft.windows.common-controls_6595b64144ccf1df_6.0.22621.2361_none_2712ced57382f843;C:\Program Files\JetBrains\WebStorm 2022.3.1\jbr\bin\server

VM Arguments:
java_command: git4idea.http.GitAskPassApp Password for 'https://10431Fahim@github.com': 
java_class_path (initial): C:/Program Files/JetBrains/WebStorm 2022.3.1/plugins/vcs-git/lib/git4idea-rt.jar;C:/Program Files/JetBrains/WebStorm 2022.3.1/lib/externalProcess-rt.jar;C:/Program Files/JetBrains/WebStorm 2022.3.1/lib/app.jar;C:/Program Files/JetBrains/WebStorm 2022.3.1/lib/3rd-party-rt.jar
Launcher Type: SUN_STANDARD

[Global flags]
     intx CICompilerCount                          = 4                                         {product} {ergonomic}
     uint ConcGCThreads                            = 3                                         {product} {ergonomic}
     uint G1ConcRefinementThreads                  = 10                                        {product} {ergonomic}
   size_t G1HeapRegionSize                         = 1048576                                   {product} {ergonomic}
    uintx GCDrainStackTargetSize                   = 64                                        {product} {ergonomic}
   size_t InitialHeapSize                          = 132120576                                 {product} {ergonomic}
   size_t MarkStackSize                            = 4194304                                   {product} {ergonomic}
   size_t MaxHeapSize                              = 2109734912                                {product} {ergonomic}
   size_t MaxNewSize                               = 1265631232                                {product} {ergonomic}
   size_t MinHeapDeltaBytes                        = 1048576                                   {product} {ergonomic}
   size_t MinHeapSize                              = 8388608                                   {product} {ergonomic}
    uintx NonNMethodCodeHeapSize                   = 5839372                                {pd product} {ergonomic}
    uintx NonProfiledCodeHeapSize                  = 122909434                              {pd product} {ergonomic}
    uintx ProfiledCodeHeapSize                     = 122909434                              {pd product} {ergonomic}
    uintx ReservedCodeCacheSize                    = 251658240                              {pd product} {ergonomic}
     bool SegmentedCodeCache                       = true                                      {product} {ergonomic}
   size_t SoftMaxHeapSize                          = 2109734912                             {manageable} {ergonomic}
     bool UseCompressedClassPointers               = true                           {product lp64_product} {ergonomic}
     bool UseCompressedOops                        = true                           {product lp64_product} {ergonomic}
     bool UseG1GC                                  = true                                      {product} {ergonomic}
     bool UseLargePagesIndividualAllocation        = false                                  {pd product} {ergonomic}

Logging:
Log output configuration:
 #0: stdout all=warning uptime,level,tags
 #1: stderr all=off uptime,level,tags

Environment Variables:
PATH=C:\Program Files\Git\mingw64\libexec\git-core;C:\Program Files\Git\mingw64\libexec\git-core;C:\Program Files\Git\mingw64\bin;C:\Program Files\Git\usr\bin;C:\Users\SOFTLAB IT\bin;C:\Python311\Scripts;C:\Python311;C:\WINDOWS\system32;C:\WINDOWS;C:\WINDOWS\System32\Wbem;C:\WINDOWS\System32\WindowsPowerShell\v1.0;C:\WINDOWS\System32\OpenSSH;C:\ProgramData\chocolatey\bin;C:\Program Files\PuTTY;C:\Program Files\Git\cmd;C:\Users\SOFTLAB IT\AppData\Roaming\nvm;C:\Program Files\nodejs;C:\Program Files\PowerShell\7;C:\Users\SOFTLAB IT\AppData\Local\Microsoft\WindowsApps;C:\Program Files\JetBrains\WebStorm 2022.3.1\bin;C:\Program Files\MongoDB\Server\6.0\bin;C:\Program Files (x86)\OpenSSL\bin;C:\Program Files\MongoDB\tools\bin;C:\Program Files\MongoDB\mongosh-1.6.2-win32-x64\bin;C:\Users\SOFTLAB IT\AppData\Local\Programs\Microsoft VS Code\bin;C:\Users\SOFTLAB IT\AppData\Roaming\nvm;C:\Program Files\nodejs
USERNAME=SOFTLAB IT
DISPLAY=:0.0
LC_ALL=en_US.UTF-8
TERM=xterm-256color
TMPDIR=C:\Users\SOFTLA~1\AppData\Local\Temp
OS=Windows_NT
PROCESSOR_IDENTIFIER=Intel64 Family 6 Model 165 Stepping 3, GenuineIntel
TMP=C:\Users\SOFTLA~1\AppData\Local\Temp
TEMP=C:\Users\SOFTLA~1\AppData\Local\Temp



---------------  S Y S T E M  ---------------

OS:
 Windows 11 , 64 bit Build 22621 (10.0.22621.2428)
OS uptime: 0 days 8:18 hours

CPU: total 12 (initial active 12) (6 cores per cpu, 2 threads per core) family 6 model 165 stepping 3 microcode 0xe0, cx8, cmov, fxsr, ht, mmx, 3dnowpref, sse, sse2, sse3, ssse3, sse4.1, sse4.2, popcnt, lzcnt, tsc, tscinvbit, avx, avx2, aes, erms, clmul, bmi1, bmi2, adx, fma, vzeroupper, clflush, clflushopt

Memory: 4k page, system-wide physical 8040M (457M free)
TotalPageFile size 19596M (AvailPageFile size 4M)
current process WorkingSet (physical memory assigned to process): 59M, peak: 59M
current process commit charge ("private bytes"): 214M, peak: 214M

vm_info: OpenJDK 64-Bit Server VM (17.0.6+1-b653.34) for windows-amd64 JRE (17.0.6+1-b653.34), built on 2023-02-24 by "builduser" with MS VC++ 16.10 / 16.11 (VS2019)

END.
